<?xml version="1.0" encoding="UTF-8"?>
<!-- Generated by org.testng.reporters.JUnitXMLReporter -->
<testsuite ignored="0" hostname="Livius-MacBook-Air.local" failures="0" tests="2" name="Primul test din TESTNG .xml file" time="0.097" errors="0" timestamp="2022-08-18T13:32:18 EEST">
  <testcase classname="com.first.pachet.SeleniumAnnotations" name="test1" time="0.004"/>
  <testcase classname="com.first.pachet.SeleniumAnnotations" name="test2" time="0.001"/>
</testsuite> <!-- Primul test din TESTNG .xml file -->
