<?xml version="1.0" encoding="UTF-8"?>
<testng-results ignored="0" total="3" passed="3" failed="0" skipped="0">
  <reporter-output>
  </reporter-output>
  <suite started-at="2022-08-18T13:32:18 EEST" name="Prima suita clasa TestNG" finished-at="2022-08-18T13:32:28 EEST" duration-ms="10217">
    <groups>
      <group name="Grupul 2">
        <method signature="SeleniumAnnotations.test2()[pri:0, instance:com.first.pachet.SeleniumAnnotations@78aab498]" name="test2" class="com.first.pachet.SeleniumAnnotations"/>
      </group> <!-- Grupul 2 -->
      <group name="Grupul 1">
        <method signature="SeleniumAnnotations.test1()[pri:0, instance:com.first.pachet.SeleniumAnnotations@78aab498]" name="test1" class="com.first.pachet.SeleniumAnnotations"/>
      </group> <!-- Grupul 1 -->
    </groups>
    <test started-at="2022-08-18T13:32:18 EEST" name="Primul test din TESTNG .xml file" finished-at="2022-08-18T13:32:18 EEST" duration-ms="97">
      <class name="com.first.pachet.SeleniumAnnotations">
        <test-method is-config="true" signature="beforeTest()[pri:0, instance:com.first.pachet.SeleniumAnnotations@78aab498]" started-at="2022-08-18T13:32:18 EEST" name="beforeTest" finished-at="2022-08-18T13:32:18 EEST" duration-ms="2" status="PASS">
          <reporter-output>
          </reporter-output>
        </test-method> <!-- beforeTest -->
        <test-method is-config="true" signature="beforeClass()[pri:0, instance:com.first.pachet.SeleniumAnnotations@78aab498]" started-at="2022-08-18T13:32:18 EEST" name="beforeClass" finished-at="2022-08-18T13:32:18 EEST" duration-ms="2" status="PASS">
          <reporter-output>
          </reporter-output>
        </test-method> <!-- beforeClass -->
        <test-method is-config="true" signature="beforeGroupClass()[pri:0, instance:com.first.pachet.SeleniumAnnotations@78aab498]" started-at="2022-08-18T13:32:18 EEST" name="beforeGroupClass" finished-at="2022-08-18T13:32:18 EEST" duration-ms="1" status="PASS">
          <reporter-output>
          </reporter-output>
        </test-method> <!-- beforeGroupClass -->
        <test-method is-config="true" signature="beforeGroups()[pri:0, instance:com.first.pachet.SeleniumAnnotations@78aab498]" started-at="2022-08-18T13:32:18 EEST" name="beforeGroups" finished-at="2022-08-18T13:32:18 EEST" duration-ms="2" status="PASS">
          <reporter-output>
          </reporter-output>
        </test-method> <!-- beforeGroups -->
        <test-method is-config="true" signature="beforeMethod()[pri:0, instance:com.first.pachet.SeleniumAnnotations@78aab498]" started-at="2022-08-18T13:32:18 EEST" name="beforeMethod" finished-at="2022-08-18T13:32:18 EEST" duration-ms="1" status="PASS">
          <reporter-output>
          </reporter-output>
        </test-method> <!-- beforeMethod -->
        <test-method signature="test1()[pri:0, instance:com.first.pachet.SeleniumAnnotations@78aab498]" started-at="2022-08-18T13:32:18 EEST" name="test1" finished-at="2022-08-18T13:32:18 EEST" duration-ms="4" status="PASS">
          <reporter-output>
          </reporter-output>
        </test-method> <!-- test1 -->
        <test-method is-config="true" signature="afterMethod()[pri:0, instance:com.first.pachet.SeleniumAnnotations@78aab498]" started-at="2022-08-18T13:32:18 EEST" name="afterMethod" finished-at="2022-08-18T13:32:18 EEST" duration-ms="1" status="PASS">
          <reporter-output>
          </reporter-output>
        </test-method> <!-- afterMethod -->
        <test-method is-config="true" signature="afterGroups()[pri:0, instance:com.first.pachet.SeleniumAnnotations@78aab498]" started-at="2022-08-18T13:32:18 EEST" name="afterGroups" finished-at="2022-08-18T13:32:18 EEST" duration-ms="2" status="PASS">
          <reporter-output>
          </reporter-output>
        </test-method> <!-- afterGroups -->
        <test-method is-config="true" signature="beforeMethod()[pri:0, instance:com.first.pachet.SeleniumAnnotations@78aab498]" started-at="2022-08-18T13:32:18 EEST" name="beforeMethod" finished-at="2022-08-18T13:32:18 EEST" duration-ms="0" status="PASS">
          <reporter-output>
          </reporter-output>
        </test-method> <!-- beforeMethod -->
        <test-method signature="test2()[pri:0, instance:com.first.pachet.SeleniumAnnotations@78aab498]" started-at="2022-08-18T13:32:18 EEST" name="test2" finished-at="2022-08-18T13:32:18 EEST" duration-ms="1" status="PASS">
          <reporter-output>
          </reporter-output>
        </test-method> <!-- test2 -->
        <test-method is-config="true" signature="afterMethod()[pri:0, instance:com.first.pachet.SeleniumAnnotations@78aab498]" started-at="2022-08-18T13:32:18 EEST" name="afterMethod" finished-at="2022-08-18T13:32:18 EEST" duration-ms="1" status="PASS">
          <reporter-output>
          </reporter-output>
        </test-method> <!-- afterMethod -->
        <test-method is-config="true" signature="afterClass()[pri:0, instance:com.first.pachet.SeleniumAnnotations@78aab498]" started-at="2022-08-18T13:32:18 EEST" name="afterClass" finished-at="2022-08-18T13:32:18 EEST" duration-ms="1" status="PASS">
          <reporter-output>
          </reporter-output>
        </test-method> <!-- afterClass -->
        <test-method is-config="true" signature="afterTest()[pri:0, instance:com.first.pachet.SeleniumAnnotations@78aab498]" started-at="2022-08-18T13:32:18 EEST" name="afterTest" finished-at="2022-08-18T13:32:18 EEST" duration-ms="4" status="PASS">
          <reporter-output>
          </reporter-output>
        </test-method> <!-- afterTest -->
      </class> <!-- com.first.pachet.SeleniumAnnotations -->
    </test> <!-- Primul test din TESTNG .xml file -->
    <test started-at="2022-08-18T13:32:18 EEST" name="Al doilea test din TESTNG .xml file" finished-at="2022-08-18T13:32:28 EEST" duration-ms="9954">
      <class name="SeleniumTests">
        <test-method is-config="true" signature="beforeMethod()[pri:0, instance:SeleniumTests@6ef888f6]" started-at="2022-08-18T13:32:18 EEST" name="beforeMethod" finished-at="2022-08-18T13:32:24 EEST" duration-ms="6174" status="PASS">
          <reporter-output>
          </reporter-output>
        </test-method> <!-- beforeMethod -->
        <test-method signature="assertTest()[pri:0, instance:SeleniumTests@6ef888f6]" started-at="2022-08-18T13:32:24 EEST" name="assertTest" finished-at="2022-08-18T13:32:28 EEST" duration-ms="3555" status="PASS">
          <reporter-output>
          </reporter-output>
        </test-method> <!-- assertTest -->
        <test-method is-config="true" signature="afterMethod()[pri:0, instance:SeleniumTests@6ef888f6]" started-at="2022-08-18T13:32:28 EEST" name="afterMethod" finished-at="2022-08-18T13:32:28 EEST" duration-ms="220" status="PASS">
          <reporter-output>
          </reporter-output>
        </test-method> <!-- afterMethod -->
      </class> <!-- SeleniumTests -->
      <class name="com.first.pachet.SeleniumAnnotations">
        <test-method is-config="true" signature="beforeSuite()[pri:0, instance:com.first.pachet.SeleniumAnnotations@78aab498]" started-at="2022-08-18T13:32:18 EEST" name="beforeSuite" finished-at="2022-08-18T13:32:18 EEST" duration-ms="21" status="PASS">
          <reporter-output>
          </reporter-output>
        </test-method> <!-- beforeSuite -->
        <test-method is-config="true" signature="afterSuite()[pri:0, instance:com.first.pachet.SeleniumAnnotations@78aab498]" started-at="2022-08-18T13:32:28 EEST" name="afterSuite" finished-at="2022-08-18T13:32:28 EEST" duration-ms="1" status="PASS">
          <reporter-output>
          </reporter-output>
        </test-method> <!-- afterSuite -->
      </class> <!-- com.first.pachet.SeleniumAnnotations -->
    </test> <!-- Al doilea test din TESTNG .xml file -->
  </suite> <!-- Prima suita clasa TestNG -->
</testng-results>
